[ConnectToWebsocketServer]<DChatGLM> ws://mc-1.dzdgame.cn:13292
[ConnectToWebsocketServer]<DChatGLM> ws://mc-1.dzdgame.cn:13292
[ConnectToWebsocketServer]<DChatGLM> ws://mc-1.dzdgame.cn:13292
[ConnectToWebsocketServer]<DChatGLM> ws://mc-1.dzdgame.cn:13292
[HttpGet]<LxlBlackBe> https://api.blackbe.work/openapi/v3/check/?name=xiaofen6666435&xuid=2535425847467085
[HttpGet]<LxlBlackBe> https://api.blackbe.work/openapi/v3/check/?name=NextYak95684111&xuid=2535469485980075
[HttpGet]<LxlBlackBe> https://api.blackbe.work/openapi/v3/check/?name=LodgedSphinx459&xuid=2535407922359972
[HttpGet]<LxlBlackBe> https://api.blackbe.work/openapi/v3/check/?name=Natauki&xuid=2535410106055965
[HttpGet]<LxlBlackBe> https://api.blackbe.work/openapi/v3/check/?name=Natauki&xuid=2535410106055965
[HttpGet]<LxlBlackBe> https://api.blackbe.work/openapi/v3/check/?name=Lin Yufan233&xuid=2535472563774295
[HttpGet]<LxlBlackBe> https://api.blackbe.work/openapi/v3/check/?name=DeluxeCape60934&xuid=2535424647856388
[HttpGet]<LxlBlackBe> https://api.blackbe.work/openapi/v3/check/?name=DeluxeCape60934&xuid=2535424647856388
[HttpGet]<LxlBlackBe> https://api.blackbe.work/openapi/v3/check/?name=DeluxeCape60934&xuid=2535424647856388
[HttpGet]<LxlBlackBe> https://api.blackbe.work/openapi/v3/check/?name=DeluxeCape60934&xuid=2535424647856388
[HttpGet]<LxlBlackBe> https://api.blackbe.work/openapi/v3/check/?name=DeluxeCape60934&xuid=2535424647856388
[HttpGet]<LxlBlackBe> https://api.blackbe.work/openapi/v3/check/?name=DeluxeCape60934&xuid=2535424647856388
[HttpGet]<LxlBlackBe> https://api.blackbe.work/openapi/v3/check/?name=DeluxeCape60934&xuid=2535424647856388
[HttpGet]<LxlBlackBe> https://api.blackbe.work/openapi/v3/check/?name=DeluxeCape60934&xuid=2535424647856388
[HttpGet]<LxlBlackBe> https://api.blackbe.work/openapi/v3/check/?name=RichLi4307&xuid=2535431188612282
[HttpGet]<LxlBlackBe> https://api.blackbe.work/openapi/v3/check/?name=RichLi4307&xuid=2535431188612282
[HttpGet]<LxlBlackBe> https://api.blackbe.work/openapi/v3/check/?name=DeluxeCape60934&xuid=2535424647856388
[HttpGet]<LxlBlackBe> https://api.blackbe.work/openapi/v3/check/?name=CryptoWig966145&xuid=2535445991172735
[HttpGet]<LxlBlackBe> https://api.blackbe.work/openapi/v3/check/?name=Lin Yufan233&xuid=2535472563774295
[HttpGet]<LxlBlackBe> https://api.blackbe.work/openapi/v3/check/?name=manyforts500&xuid=2535469818631724
[HttpGet]<LxlBlackBe> https://api.blackbe.work/openapi/v3/check/?name=manyforts500&xuid=2535469818631724
[HttpGet]<LxlBlackBe> https://api.blackbe.work/openapi/v3/check/?name=manyforts500&xuid=2535469818631724
[HttpGet]<LxlBlackBe> https://api.blackbe.work/openapi/v3/check/?name=manyforts500&xuid=2535469818631724
[HttpGet]<LxlBlackBe> https://api.blackbe.work/openapi/v3/check/?name=manyforts500&xuid=2535469818631724
[HttpGet]<LxlBlackBe> https://api.blackbe.work/openapi/v3/check/?name=manyforts500&xuid=2535469818631724
[HttpGet]<LxlBlackBe> https://api.blackbe.work/openapi/v3/check/?name=manyforts500&xuid=2535469818631724
[HttpGet]<LxlBlackBe> https://api.blackbe.work/openapi/v3/check/?name=manyforts500&xuid=2535469818631724
[HttpGet]<LxlBlackBe> https://api.blackbe.work/openapi/v3/check/?name=manyforts500&xuid=2535469818631724
[HttpGet]<LxlBlackBe> https://api.blackbe.work/openapi/v3/check/?name=manyforts500&xuid=2535469818631724
[HttpGet]<LxlBlackBe> https://api.blackbe.work/openapi/v3/check/?name=manyforts500&xuid=2535469818631724
[HttpGet]<LxlBlackBe> https://api.blackbe.work/openapi/v3/check/?name=manyforts500&xuid=2535469818631724
[HttpGet]<LxlBlackBe> https://api.blackbe.work/openapi/v3/check/?name=manyforts500&xuid=2535469818631724
[HttpGet]<LxlBlackBe> https://api.blackbe.work/openapi/v3/check/?name=xiaofen6666435&xuid=2535425847467085
[HttpGet]<LxlBlackBe> https://api.blackbe.work/openapi/v3/check/?name=manyforts500&xuid=2535469818631724
[HttpGet]<LxlBlackBe> https://api.blackbe.work/openapi/v3/check/?name=ldrfd&xuid=2535453086736755
[HttpGet]<LxlBlackBe> https://api.blackbe.work/openapi/v3/check/?name=ldrfd&xuid=2535453086736755
[HttpGet]<LxlBlackBe> https://api.blackbe.work/openapi/v3/check/?name=RichLi4307&xuid=2535431188612282
[HttpGet]<LxlBlackBe> https://api.blackbe.work/openapi/v3/check/?name=manyforts500&xuid=2535469818631724
[HttpGet]<LxlBlackBe> https://api.blackbe.work/openapi/v3/check/?name=QWERTYUIOP6809&xuid=2535437480063047
[HttpGet]<LxlBlackBe> https://api.blackbe.work/openapi/v3/check/?name=QWERTYUIOP6809&xuid=2535437480063047
[HttpGet]<LxlBlackBe> https://api.blackbe.work/openapi/v3/check/?name=QWERTYUIOP6809&xuid=2535437480063047
[HttpGet]<LxlBlackBe> https://api.blackbe.work/openapi/v3/check/?name=Lin Yufan233&xuid=2535472563774295
[HttpGet]<LxlBlackBe> https://api.blackbe.work/openapi/v3/check/?name=QWERTYUIOP6809&xuid=2535437480063047
[HttpGet]<LxlBlackBe> https://api.blackbe.work/openapi/v3/check/?name=QWERTYUIOP6809&xuid=2535437480063047
[HttpGet]<LxlBlackBe> https://api.blackbe.work/openapi/v3/check/?name=Lin Yufan233&xuid=2535472563774295
[HttpGet]<LxlBlackBe> https://api.blackbe.work/openapi/v3/check/?name=Lin Yufan233&xuid=2535472563774295
[HttpGet]<LxlBlackBe> https://api.blackbe.work/openapi/v3/check/?name=zhanlang2022z&xuid=2535430136812366
[HttpGet]<LxlBlackBe> https://api.blackbe.work/openapi/v3/check/?name=QWERTYUIOP6809&xuid=2535437480063047
[HttpGet]<LxlBlackBe> https://api.blackbe.work/openapi/v3/check/?name=xiaofen6666435&xuid=2535425847467085
[HttpGet]<LxlBlackBe> https://api.blackbe.work/openapi/v3/check/?name=Lin Yufan233&xuid=2535472563774295
[HttpGet]<LxlBlackBe> https://api.blackbe.work/openapi/v3/check/?name=xiaofen6666435&xuid=2535425847467085
[HttpGet]<LxlBlackBe> https://api.blackbe.work/openapi/v3/check/?name=zhanlang2022z&xuid=2535430136812366
[HttpGet]<LxlBlackBe> https://api.blackbe.work/openapi/v3/check/?name=QWERTYUIOP6809&xuid=2535437480063047
[HttpGet]<LxlBlackBe> https://api.blackbe.work/openapi/v3/check/?name=xiaofen6666435&xuid=2535425847467085
[HttpGet]<LxlBlackBe> https://api.blackbe.work/openapi/v3/check/?name=QWERTYUIOP6809&xuid=2535437480063047
[HttpGet]<LxlBlackBe> https://api.blackbe.work/openapi/v3/check/?name=QWERTYUIOP6809&xuid=2535437480063047
[HttpGet]<LxlBlackBe> https://api.blackbe.work/openapi/v3/check/?name=QWERTYUIOP6809&xuid=2535437480063047
[HttpGet]<LxlBlackBe> https://api.blackbe.work/openapi/v3/check/?name=QWERTYUIOP6809&xuid=2535437480063047
[HttpGet]<LxlBlackBe> https://api.blackbe.work/openapi/v3/check/?name=xiaofen6666435&xuid=2535425847467085
[HttpGet]<LxlBlackBe> https://api.blackbe.work/openapi/v3/check/?name=zhanlang2022z&xuid=2535430136812366
[HttpGet]<LxlBlackBe> https://api.blackbe.work/openapi/v3/check/?name=DeluxeCape60934&xuid=2535424647856388
[HttpGet]<LxlBlackBe> https://api.blackbe.work/openapi/v3/check/?name=VWERTYUIOP6809&xuid=2535456956320353
[HttpGet]<LxlBlackBe> https://api.blackbe.work/openapi/v3/check/?name=QWERTYUIOP6809&xuid=2535437480063047
[HttpGet]<LxlBlackBe> https://api.blackbe.work/openapi/v3/check/?name=xiaofen6666435&xuid=2535425847467085
[HttpGet]<LxlBlackBe> https://api.blackbe.work/openapi/v3/check/?name=QWERTYUIOP6809&xuid=2535437480063047
[HttpGet]<LxlBlackBe> https://api.blackbe.work/openapi/v3/check/?name=VWERTYUIOP6809&xuid=2535456956320353
[HttpGet]<LxlBlackBe> https://api.blackbe.work/openapi/v3/check/?name=zhanlang2022z&xuid=2535430136812366
[HttpGet]<LxlBlackBe> https://api.blackbe.work/openapi/v3/check/?name=QWERTYUIOP6809&xuid=2535437480063047
[HttpGet]<LxlBlackBe> https://api.blackbe.work/openapi/v3/check/?name=lankun1437&xuid=2535451791872807
[HttpGet]<LxlBlackBe> https://api.blackbe.work/openapi/v3/check/?name=lankun1437&xuid=2535451791872807
[HttpGet]<LxlBlackBe> https://api.blackbe.work/openapi/v3/check/?name=QWERTYUIOP6809&xuid=2535437480063047
[HttpGet]<LxlBlackBe> https://api.blackbe.work/openapi/v3/check/?name=VWERTYUIOP6809&xuid=2535456956320353
[HttpGet]<LxlBlackBe> https://api.blackbe.work/openapi/v3/check/?name=VWERTYUIOP6809&xuid=2535456956320353
[HttpGet]<LxlBlackBe> https://api.blackbe.work/openapi/v3/check/?name=zhanlang2022z&xuid=2535430136812366
[HttpGet]<LxlBlackBe> https://api.blackbe.work/openapi/v3/check/?name=VWERTYUIOP6809&xuid=2535456956320353
[HttpGet]<LxlBlackBe> https://api.blackbe.work/openapi/v3/check/?name=VWERTYUIOP6809&xuid=2535456956320353
[HttpGet]<LxlBlackBe> https://api.blackbe.work/openapi/v3/check/?name=zhanlang2022z&xuid=2535430136812366
[HttpGet]<LxlBlackBe> https://api.blackbe.work/openapi/v3/check/?name=wlingshuang&xuid=2535406233269757
[HttpGet]<LxlBlackBe> https://api.blackbe.work/openapi/v3/check/?name=QWERTYUIOP6809&xuid=2535437480063047
[HttpGet]<LxlBlackBe> https://api.blackbe.work/openapi/v3/check/?name=zhanlang2022z&xuid=2535430136812366
[HttpGet]<LxlBlackBe> https://api.blackbe.work/openapi/v3/check/?name=zhanlang2022z&xuid=2535430136812366
[HttpGet]<LxlBlackBe> https://api.blackbe.work/openapi/v3/check/?name=QWERTYUIOP6809&xuid=2535437480063047
[HttpGet]<LxlBlackBe> https://api.blackbe.work/openapi/v3/check/?name=QWERTYUIOP6809&xuid=2535437480063047
[HttpGet]<LxlBlackBe> https://api.blackbe.work/openapi/v3/check/?name=VWERTYUIOP6809&xuid=2535456956320353
[HttpGet]<LxlBlackBe> https://api.blackbe.work/openapi/v3/check/?name=QWERTYUIOP6809&xuid=2535437480063047
[HttpGet]<LxlBlackBe> https://api.blackbe.work/openapi/v3/check/?name=VWERTYUIOP6809&xuid=2535456956320353
[HttpGet]<LxlBlackBe> https://api.blackbe.work/openapi/v3/check/?name=lankun1437&xuid=2535451791872807
[HttpGet]<LxlBlackBe> https://api.blackbe.work/openapi/v3/check/?name=QWERTYUIOP6809&xuid=2535437480063047
[HttpGet]<LxlBlackBe> https://api.blackbe.work/openapi/v3/check/?name=VWERTYUIOP6809&xuid=2535456956320353
[HttpGet]<LxlBlackBe> https://api.blackbe.work/openapi/v3/check/?name=VWERTYUIOP6809&xuid=2535456956320353
[HttpGet]<LxlBlackBe> https://api.blackbe.work/openapi/v3/check/?name=VWERTYUIOP6809&xuid=2535456956320353
[HttpGet]<LxlBlackBe> https://api.blackbe.work/openapi/v3/check/?name=EarthBugle19306&xuid=2535437405045464
[HttpGet]<LxlBlackBe> https://api.blackbe.work/openapi/v3/check/?name=EarthBugle19306&xuid=2535437405045464
[HttpGet]<LxlBlackBe> https://api.blackbe.work/openapi/v3/check/?name=EarthBugle19306&xuid=2535437405045464
[HttpGet]<LxlBlackBe> https://api.blackbe.work/openapi/v3/check/?name=zhanlang2022z&xuid=2535430136812366
[HttpGet]<LxlBlackBe> https://api.blackbe.work/openapi/v3/check/?name=QWERTYUIOP6809&xuid=2535437480063047
[HttpGet]<LxlBlackBe> https://api.blackbe.work/openapi/v3/check/?name=VWERTYUIOP6809&xuid=2535456956320353
[HttpGet]<LxlBlackBe> https://api.blackbe.work/openapi/v3/check/?name=QWERTYUIOP6809&xuid=2535437480063047
[HttpGet]<LxlBlackBe> https://api.blackbe.work/openapi/v3/check/?name=VWERTYUIOP6809&xuid=2535456956320353
[HttpGet]<LxlBlackBe> https://api.blackbe.work/openapi/v3/check/?name=VWERTYUIOP6809&xuid=2535456956320353
[HttpGet]<LxlBlackBe> https://api.blackbe.work/openapi/v3/check/?name=QWERTYUIOP6809&xuid=2535437480063047
[HttpGet]<LxlBlackBe> https://api.blackbe.work/openapi/v3/check/?name=VWERTYUIOP6809&xuid=2535456956320353
[HttpGet]<LxlBlackBe> https://api.blackbe.work/openapi/v3/check/?name=VWERTYUIOP6809&xuid=2535456956320353
[HttpGet]<LxlBlackBe> https://api.blackbe.work/openapi/v3/check/?name=VWERTYUIOP6809&xuid=2535456956320353
[HttpGet]<LxlBlackBe> https://api.blackbe.work/openapi/v3/check/?name=VWERTYUIOP6809&xuid=2535456956320353
[HttpGet]<LxlBlackBe> https://api.blackbe.work/openapi/v3/check/?name=VWERTYUIOP6809&xuid=2535456956320353
[HttpGet]<LxlBlackBe> https://api.blackbe.work/openapi/v3/check/?name=Tianyi5881&xuid=2535464184085653
[HttpGet]<LxlBlackBe> https://api.blackbe.work/openapi/v3/check/?name=Tianyi5881&xuid=2535464184085653
[HttpGet]<LxlBlackBe> https://api.blackbe.work/openapi/v3/check/?name=Tianyi5881&xuid=2535464184085653
[HttpGet]<LxlBlackBe> https://api.blackbe.work/openapi/v3/check/?name=GainedCanvas992&xuid=2535419708664755
[HttpGet]<LxlBlackBe> https://api.blackbe.work/openapi/v3/check/?name=GainedCanvas992&xuid=2535419708664755
[HttpGet]<LxlBlackBe> https://api.blackbe.work/openapi/v3/check/?name=Tianyi5881&xuid=2535464184085653
[HttpGet]<LxlBlackBe> https://api.blackbe.work/openapi/v3/check/?name=GainedCanvas992&xuid=2535419708664755
[HttpGet]<LxlBlackBe> https://api.blackbe.work/openapi/v3/check/?name=Tianyi5881&xuid=2535464184085653
[HttpGet]<LxlBlackBe> https://api.blackbe.work/openapi/v3/check/?name=GainedCanvas992&xuid=2535419708664755
[HttpGet]<LxlBlackBe> https://api.blackbe.work/openapi/v3/check/?name=QWERTYUIOP6809&xuid=2535437480063047
[HttpGet]<LxlBlackBe> https://api.blackbe.work/openapi/v3/check/?name=QWERTYUIOP6809&xuid=2535437480063047
[HttpGet]<LxlBlackBe> https://api.blackbe.work/openapi/v3/check/?name=GainedCanvas992&xuid=2535419708664755
[HttpGet]<LxlBlackBe> https://api.blackbe.work/openapi/v3/check/?name=GainedCanvas992&xuid=2535419708664755
[HttpGet]<LxlBlackBe> https://api.blackbe.work/openapi/v3/check/?name=Tianyi5881&xuid=2535464184085653
[HttpGet]<LxlBlackBe> https://api.blackbe.work/openapi/v3/check/?name=GainedCanvas992&xuid=2535419708664755
[HttpGet]<LxlBlackBe> https://api.blackbe.work/openapi/v3/check/?name=QWERTYUIOP6809&xuid=2535437480063047
[HttpGet]<LxlBlackBe> https://api.blackbe.work/openapi/v3/check/?name=zhanlang2022z&xuid=2535430136812366
[HttpGet]<LxlBlackBe> https://api.blackbe.work/openapi/v3/check/?name=RichLi4307&xuid=2535431188612282
[HttpGet]<LxlBlackBe> https://api.blackbe.work/openapi/v3/check/?name=LodgedSphinx459&xuid=2535407922359972
[HttpGet]<LxlBlackBe> https://api.blackbe.work/openapi/v3/check/?name=wlingshuang&xuid=2535406233269757
[HttpGet]<LxlBlackBe> https://api.blackbe.work/openapi/v3/check/?name=wlingshuang&xuid=2535406233269757
[HttpGet]<LxlBlackBe> https://api.blackbe.work/openapi/v3/check/?name=VWERTYUIOP6809&xuid=2535456956320353
[HttpGet]<LxlBlackBe> https://api.blackbe.work/openapi/v3/check/?name=VWERTYUIOP6809&xuid=2535456956320353
[HttpGet]<LxlBlackBe> https://api.blackbe.work/openapi/v3/check/?name=VWERTYUIOP6809&xuid=2535456956320353
[HttpGet]<LxlBlackBe> https://api.blackbe.work/openapi/v3/check/?name=QWERTYUIOP6809&xuid=2535437480063047
[HttpGet]<LxlBlackBe> https://api.blackbe.work/openapi/v3/check/?name=xiaofen6666435&xuid=2535425847467085
[HttpGet]<LxlBlackBe> https://api.blackbe.work/openapi/v3/check/?name=xiaofen6666435&xuid=2535425847467085
[HttpGet]<LxlBlackBe> https://api.blackbe.work/openapi/v3/check/?name=xiaofen6666435&xuid=2535425847467085
[HttpGet]<LxlBlackBe> https://api.blackbe.work/openapi/v3/check/?name=xiaofen6666435&xuid=2535425847467085
[HttpGet]<LxlBlackBe> https://api.blackbe.work/openapi/v3/check/?name=QWERTYUIOP6809&xuid=2535437480063047
[HttpGet]<LxlBlackBe> https://api.blackbe.work/openapi/v3/check/?name=xiaofen6666435&xuid=2535425847467085
[HttpGet]<LxlBlackBe> https://api.blackbe.work/openapi/v3/check/?name=xiaofen6666435&xuid=2535425847467085
[HttpGet]<LxlBlackBe> https://api.blackbe.work/openapi/v3/check/?name=xiaofen6666435&xuid=2535425847467085
[HttpGet]<LxlBlackBe> https://api.blackbe.work/openapi/v3/check/?name=QWERTYUIOP6809&xuid=2535437480063047
[HttpGet]<LxlBlackBe> https://api.blackbe.work/openapi/v3/check/?name=QWERTYUIOP6809&xuid=2535437480063047
[HttpGet]<LxlBlackBe> https://api.blackbe.work/openapi/v3/check/?name=VWERTYUIOP6809&xuid=2535456956320353
[HttpGet]<LxlBlackBe> https://api.blackbe.work/openapi/v3/check/?name=xiaofen6666435&xuid=2535425847467085
[HttpGet]<LxlBlackBe> https://api.blackbe.work/openapi/v3/check/?name=QWERTYUIOP6809&xuid=2535437480063047
[HttpGet]<LxlBlackBe> https://api.blackbe.work/openapi/v3/check/?name=VWERTYUIOP6809&xuid=2535456956320353
[HttpGet]<LxlBlackBe> https://api.blackbe.work/openapi/v3/check/?name=QWERTYUIOP6809&xuid=2535437480063047
[HttpGet]<LxlBlackBe> https://api.blackbe.work/openapi/v3/check/?name=VWERTYUIOP6809&xuid=2535456956320353
[HttpGet]<LxlBlackBe> https://api.blackbe.work/openapi/v3/check/?name=QWERTYUIOP6809&xuid=2535437480063047
[HttpGet]<LxlBlackBe> https://api.blackbe.work/openapi/v3/check/?name=QWERTYUIOP6809&xuid=2535437480063047
[HttpGet]<LxlBlackBe> https://api.blackbe.work/openapi/v3/check/?name=QWERTYUIOP6809&xuid=2535437480063047
[HttpGet]<LxlBlackBe> https://api.blackbe.work/openapi/v3/check/?name=QWERTYUIOP6809&xuid=2535437480063047
[HttpGet]<LxlBlackBe> https://api.blackbe.work/openapi/v3/check/?name=QWERTYUIOP6809&xuid=2535437480063047
[HttpGet]<LxlBlackBe> https://api.blackbe.work/openapi/v3/check/?name=zhanlang2022z&xuid=2535430136812366
[HttpGet]<LxlBlackBe> https://api.blackbe.work/openapi/v3/check/?name=zhanlang2022z&xuid=2535430136812366
[HttpGet]<LxlBlackBe> https://api.blackbe.work/openapi/v3/check/?name=QWERTYUIOP6809&xuid=2535437480063047
[HttpGet]<LxlBlackBe> https://api.blackbe.work/openapi/v3/check/?name=QWERTYUIOP6809&xuid=2535437480063047
[HttpGet]<LxlBlackBe> https://api.blackbe.work/openapi/v3/check/?name=VWERTYUIOP6809&xuid=2535456956320353
[HttpGet]<LxlBlackBe> https://api.blackbe.work/openapi/v3/check/?name=QWERTYUIOP6809&xuid=2535437480063047
[HttpGet]<LxlBlackBe> https://api.blackbe.work/openapi/v3/check/?name=QWERTYUIOP6809&xuid=2535437480063047
[HttpGet]<LxlBlackBe> https://api.blackbe.work/openapi/v3/check/?name=VWERTYUIOP6809&xuid=2535456956320353
[HttpGet]<LxlBlackBe> https://api.blackbe.work/openapi/v3/check/?name=VWERTYUIOP6809&xuid=2535456956320353
[HttpGet]<LxlBlackBe> https://api.blackbe.work/openapi/v3/check/?name=QWERTYUIOP6809&xuid=2535437480063047
[HttpGet]<LxlBlackBe> https://api.blackbe.work/openapi/v3/check/?name=QWERTYUIOP6809&xuid=2535437480063047
[HttpGet]<LxlBlackBe> https://api.blackbe.work/openapi/v3/check/?name=QWERTYUIOP6809&xuid=2535437480063047
[HttpGet]<LxlBlackBe> https://api.blackbe.work/openapi/v3/check/?name=VWERTYUIOP6809&xuid=2535456956320353
[HttpGet]<LxlBlackBe> https://api.blackbe.work/openapi/v3/check/?name=VWERTYUIOP6809&xuid=2535456956320353
[HttpGet]<LxlBlackBe> https://api.blackbe.work/openapi/v3/check/?name=VWERTYUIOP6809&xuid=2535456956320353
[HttpGet]<LxlBlackBe> https://api.blackbe.work/openapi/v3/check/?name=VWERTYUIOP6809&xuid=2535456956320353
[HttpGet]<LxlBlackBe> https://api.blackbe.work/openapi/v3/check/?name=QWERTYUIOP6809&xuid=2535437480063047
[HttpGet]<LxlBlackBe> https://api.blackbe.work/openapi/v3/check/?name=QWERTYUIOP6809&xuid=2535437480063047
[HttpGet]<LxlBlackBe> https://api.blackbe.work/openapi/v3/check/?name=QWERTYUIOP6809&xuid=2535437480063047
[HttpGet]<LxlBlackBe> https://api.blackbe.work/openapi/v3/check/?name=QWERTYUIOP6809&xuid=2535437480063047
[HttpGet]<LxlBlackBe> https://api.blackbe.work/openapi/v3/check/?name=QWERTYUIOP6809&xuid=2535437480063047
[HttpGet]<LxlBlackBe> https://api.blackbe.work/openapi/v3/check/?name=QWERTYUIOP6809&xuid=2535437480063047
[HttpGet]<LxlBlackBe> https://api.blackbe.work/openapi/v3/check/?name=QWERTYUIOP6809&xuid=2535437480063047
[HttpGet]<LxlBlackBe> https://api.blackbe.work/openapi/v3/check/?name=QWERTYUIOP6809&xuid=2535437480063047
[HttpGet]<LxlBlackBe> https://api.blackbe.work/openapi/v3/check/?name=RichLi4307&xuid=2535431188612282
[HttpGet]<LxlBlackBe> https://api.blackbe.work/openapi/v3/check/?name=VWERTYUIOP6809&xuid=2535456956320353
[HttpGet]<LxlBlackBe> https://api.blackbe.work/openapi/v3/check/?name=QWERTYUIOP6809&xuid=2535437480063047
[HttpGet]<LxlBlackBe> https://api.blackbe.work/openapi/v3/check/?name=VWERTYUIOP6809&xuid=2535456956320353
[HttpGet]<LxlBlackBe> https://api.blackbe.work/openapi/v3/check/?name=QWERTYUIOP6809&xuid=2535437480063047
[HttpGet]<LxlBlackBe> https://api.blackbe.work/openapi/v3/check/?name=VWERTYUIOP6809&xuid=2535456956320353
[HttpGet]<LxlBlackBe> https://api.blackbe.work/openapi/v3/check/?name=VWERTYUIOP6809&xuid=2535456956320353
[HttpGet]<LxlBlackBe> https://api.blackbe.work/openapi/v3/check/?name=VWERTYUIOP6809&xuid=2535456956320353
[HttpGet]<LxlBlackBe> https://api.blackbe.work/openapi/v3/check/?name=VWERTYUIOP6809&xuid=2535456956320353
[HttpGet]<LxlBlackBe> https://api.blackbe.work/openapi/v3/check/?name=QWERTYUIOP6809&xuid=2535437480063047
[HttpGet]<LxlBlackBe> https://api.blackbe.work/openapi/v3/check/?name=QWERTYUIOP6809&xuid=2535437480063047
[HttpGet]<LxlBlackBe> https://api.blackbe.work/openapi/v3/check/?name=QWERTYUIOP6809&xuid=2535437480063047
[HttpGet]<LxlBlackBe> https://api.blackbe.work/openapi/v3/check/?name=QWERTYUIOP6809&xuid=2535437480063047
[HttpGet]<LxlBlackBe> https://api.blackbe.work/openapi/v3/check/?name=VWERTYUIOP6809&xuid=2535456956320353
[HttpGet]<LxlBlackBe> https://api.blackbe.work/openapi/v3/check/?name=QWERTYUIOP6809&xuid=2535437480063047
[HttpGet]<LxlBlackBe> https://api.blackbe.work/openapi/v3/check/?name=manyforts500&xuid=2535469818631724
[HttpGet]<LxlBlackBe> https://api.blackbe.work/openapi/v3/check/?name=manyforts500&xuid=2535469818631724
[HttpGet]<LxlBlackBe> https://api.blackbe.work/openapi/v3/check/?name=manyforts500&xuid=2535469818631724
[HttpGet]<LxlBlackBe> https://api.blackbe.work/openapi/v3/check/?name=manyforts500&xuid=2535469818631724
[HttpGet]<LxlBlackBe> https://api.blackbe.work/openapi/v3/check/?name=manyforts500&xuid=2535469818631724
[HttpGet]<LxlBlackBe> https://api.blackbe.work/openapi/v3/check/?name=manyforts500&xuid=2535469818631724
[HttpGet]<LxlBlackBe> https://api.blackbe.work/openapi/v3/check/?name=RichLi4307&xuid=2535431188612282
[ConnectToWebsocketServer]<DChatGLM> ws://mc-1.dzdgame.cn:13292
[ConnectToWebsocketServer]<DChatGLM> ws://mc-1.dzdgame.cn:13292
[ConnectToWebsocketServer]<DChatGLM> ws://mc-1.dzdgame.cn:13292
[ConnectToWebsocketServer]<DChatGLM> ws://mc-1.dzdgame.cn:13292
[ConnectToWebsocketServer]<DChatGLM> ws://mc-1.dzdgame.cn:13292
[ConnectToWebsocketServer]<DChatGLM> ws://mc-1.dzdgame.cn:13292
[ConnectToWebsocketServer]<DChatGLM> ws://mc-1.dzdgame.cn:13292
[HttpGet]<LxlBlackBe> https://api.blackbe.work/openapi/v3/check/?name=RichLi4307&xuid=2535431188612282
[ConnectToWebsocketServer]<DChatGLM> ws://mc-1.dzdgame.cn:13292
[ConnectToWebsocketServer]<DChatGLM> ws://mc-1.dzdgame.cn:13292
[ConnectToWebsocketServer]<DChatGLM> ws://mc-1.dzdgame.cn:13292
[ConnectToWebsocketServer]<DChatGLM> ws://mc-1.dzdgame.cn:13292
[HttpGet]<LxlBlackBe> https://api.blackbe.work/openapi/v3/check/?name=manyforts500&xuid=2535469818631724
[HttpGet]<LxlBlackBe> https://api.blackbe.work/openapi/v3/check/?name=manyforts500&xuid=2535469818631724
[HttpGet]<LxlBlackBe> https://api.blackbe.work/openapi/v3/check/?name=manyforts500&xuid=2535469818631724
[HttpGet]<LxlBlackBe> https://api.blackbe.work/openapi/v3/check/?name=manyforts500&xuid=2535469818631724
[HttpGet]<LxlBlackBe> https://api.blackbe.work/openapi/v3/check/?name=manyforts500&xuid=2535469818631724
[HttpGet]<LxlBlackBe> https://api.blackbe.work/openapi/v3/check/?name=manyforts500&xuid=2535469818631724
[HttpGet]<LxlBlackBe> https://api.blackbe.work/openapi/v3/check/?name=manyforts500&xuid=2535469818631724
[HttpGet]<LxlBlackBe> https://api.blackbe.work/openapi/v3/check/?name=manyforts500&xuid=2535469818631724
[HttpGet]<LxlBlackBe> https://api.blackbe.work/openapi/v3/check/?name=VWERTYUIOP6809&xuid=2535456956320353
[HttpGet]<LxlBlackBe> https://api.blackbe.work/openapi/v3/check/?name=QWERTYUIOP6809&xuid=2535437480063047
[HttpGet]<LxlBlackBe> https://api.blackbe.work/openapi/v3/check/?name=QWERTYUIOP6809&xuid=2535437480063047
[HttpGet]<LxlBlackBe> https://api.blackbe.work/openapi/v3/check/?name=manyforts500&xuid=2535469818631724
[HttpGet]<LxlBlackBe> https://api.blackbe.work/openapi/v3/check/?name=manyforts500&xuid=2535469818631724
[HttpGet]<LxlBlackBe> https://api.blackbe.work/openapi/v3/check/?name=manyforts500&xuid=2535469818631724
[HttpGet]<LxlBlackBe> https://api.blackbe.work/openapi/v3/check/?name=LodgedSphinx459&xuid=2535407922359972
[HttpGet]<LxlBlackBe> https://api.blackbe.work/openapi/v3/check/?name=LodgedSphinx459&xuid=2535407922359972
[HttpGet]<LxlBlackBe> https://api.blackbe.work/openapi/v3/check/?name=RichLi4307&xuid=2535431188612282
[HttpGet]<LxlBlackBe> https://api.blackbe.work/openapi/v3/check/?name=LodgedSphinx459&xuid=2535407922359972
[HttpGet]<LxlBlackBe> https://api.blackbe.work/openapi/v3/check/?name=RichLi4307&xuid=2535431188612282
[HttpGet]<LxlBlackBe> https://api.blackbe.work/openapi/v3/check/?name=RichLi4307&xuid=2535431188612282
[HttpGet]<LxlBlackBe> https://api.blackbe.work/openapi/v3/check/?name=LodgedSphinx459&xuid=2535407922359972
[HttpGet]<LxlBlackBe> https://api.blackbe.work/openapi/v3/check/?name=LodgedSphinx459&xuid=2535407922359972
[HttpGet]<LxlBlackBe> https://api.blackbe.work/openapi/v3/check/?name=RichLi4307&xuid=2535431188612282
[HttpGet]<LxlBlackBe> https://api.blackbe.work/openapi/v3/check/?name=HaoYveDangKong&xuid=2535454969368316
[HttpGet]<LxlBlackBe> https://api.blackbe.work/openapi/v3/check/?name=HaoYveDangKong&xuid=2535454969368316
[HttpGet]<LxlBlackBe> https://api.blackbe.work/openapi/v3/check/?name=HaoYveDangKong&xuid=2535454969368316
[HttpGet]<LxlBlackBe> https://api.blackbe.work/openapi/v3/check/?name=HaoYveDangKong&xuid=2535454969368316
[HttpGet]<LxlBlackBe> https://api.blackbe.work/openapi/v3/check/?name=HaoYveDangKong&xuid=2535454969368316
[HttpGet]<LxlBlackBe> https://api.blackbe.work/openapi/v3/check/?name=HaoYveDangKong&xuid=2535454969368316
[HttpGet]<LxlBlackBe> https://api.blackbe.work/openapi/v3/check/?name=HaoYveDangKong&xuid=2535454969368316
[HttpGet]<LxlBlackBe> https://api.blackbe.work/openapi/v3/check/?name=HaoYveDangKong&xuid=2535454969368316
[HttpGet]<LxlBlackBe> https://api.blackbe.work/openapi/v3/check/?name=HaoYveDangKong&xuid=2535454969368316
[HttpGet]<LxlBlackBe> https://api.blackbe.work/openapi/v3/check/?name=HaoYveDangKong&xuid=2535454969368316
[HttpGet]<LxlBlackBe> https://api.blackbe.work/openapi/v3/check/?name=HaoYveDangKong&xuid=2535454969368316
[HttpGet]<LxlBlackBe> https://api.blackbe.work/openapi/v3/check/?name=HaoYveDangKong&xuid=2535454969368316
[HttpGet]<LxlBlackBe> https://api.blackbe.work/openapi/v3/check/?name=HaoYveDangKong&xuid=2535454969368316
[HttpGet]<LxlBlackBe> https://api.blackbe.work/openapi/v3/check/?name=HaoYveDangKong&xuid=2535454969368316
[HttpGet]<LxlBlackBe> https://api.blackbe.work/openapi/v3/check/?name=HaoYveDangKong&xuid=2535454969368316
[HttpGet]<LxlBlackBe> https://api.blackbe.work/openapi/v3/check/?name=HaoYveDangKong&xuid=2535454969368316
[HttpGet]<LxlBlackBe> https://api.blackbe.work/openapi/v3/check/?name=manyforts500&xuid=2535469818631724
[HttpGet]<LxlBlackBe> https://api.blackbe.work/openapi/v3/check/?name=manyforts500&xuid=2535469818631724
[HttpGet]<LxlBlackBe> https://api.blackbe.work/openapi/v3/check/?name=HaoYveDangKong&xuid=2535454969368316
[HttpGet]<LxlBlackBe> https://api.blackbe.work/openapi/v3/check/?name=HaoYveDangKong&xuid=2535454969368316
[HttpGet]<LxlBlackBe> https://api.blackbe.work/openapi/v3/check/?name=manyforts500&xuid=2535469818631724
[HttpGet]<LxlBlackBe> https://api.blackbe.work/openapi/v3/check/?name=HaoYveDangKong&xuid=2535454969368316
[HttpGet]<LxlBlackBe> https://api.blackbe.work/openapi/v3/check/?name=HaoYveDangKong&xuid=2535454969368316
[HttpGet]<LxlBlackBe> https://api.blackbe.work/openapi/v3/check/?name=HaoYveDangKong&xuid=2535454969368316
[HttpGet]<LxlBlackBe> https://api.blackbe.work/openapi/v3/check/?name=HaoYveDangKong&xuid=2535454969368316
[HttpGet]<LxlBlackBe> https://api.blackbe.work/openapi/v3/check/?name=HaoYveDangKong&xuid=2535454969368316
[HttpGet]<LxlBlackBe> https://api.blackbe.work/openapi/v3/check/?name=HaoYveDangKong&xuid=2535454969368316
[HttpGet]<LxlBlackBe> https://api.blackbe.work/openapi/v3/check/?name=HaoYveDangKong&xuid=2535454969368316
[HttpGet]<LxlBlackBe> https://api.blackbe.work/openapi/v3/check/?name=HaoYveDangKong&xuid=2535454969368316
[HttpGet]<LxlBlackBe> https://api.blackbe.work/openapi/v3/check/?name=HaoYveDangKong&xuid=2535454969368316
[HttpGet]<LxlBlackBe> https://api.blackbe.work/openapi/v3/check/?name=HaoYveDangKong&xuid=2535454969368316
[HttpGet]<LxlBlackBe> https://api.blackbe.work/openapi/v3/check/?name=HaoYveDangKong&xuid=2535454969368316
[HttpGet]<LxlBlackBe> https://api.blackbe.work/openapi/v3/check/?name=HaoYveDangKong&xuid=2535454969368316
[HttpGet]<LxlBlackBe> https://api.blackbe.work/openapi/v3/check/?name=HaoYveDangKong&xuid=2535454969368316
[HttpGet]<LxlBlackBe> https://api.blackbe.work/openapi/v3/check/?name=HaoYveDangKong&xuid=2535454969368316
[HttpGet]<LxlBlackBe> https://api.blackbe.work/openapi/v3/check/?name=HaoYveDangKong&xuid=2535454969368316
[HttpGet]<LxlBlackBe> https://api.blackbe.work/openapi/v3/check/?name=HaoYveDangKong&xuid=2535454969368316
[HttpGet]<LxlBlackBe> https://api.blackbe.work/openapi/v3/check/?name=HaoYveDangKong&xuid=2535454969368316
[HttpGet]<LxlBlackBe> https://api.blackbe.work/openapi/v3/check/?name=HaoYveDangKong&xuid=2535454969368316
[HttpGet]<LxlBlackBe> https://api.blackbe.work/openapi/v3/check/?name=HaoYveDangKong&xuid=2535454969368316
[HttpGet]<LxlBlackBe> https://api.blackbe.work/openapi/v3/check/?name=HaoYveDangKong&xuid=2535454969368316
[HttpGet]<LxlBlackBe> https://api.blackbe.work/openapi/v3/check/?name=HaoYveDangKong&xuid=2535454969368316
[HttpGet]<LxlBlackBe> https://api.blackbe.work/openapi/v3/check/?name=HaoYveDangKong&xuid=2535454969368316
[HttpGet]<LxlBlackBe> https://api.blackbe.work/openapi/v3/check/?name=HaoYveDangKong&xuid=2535454969368316
[HttpGet]<LxlBlackBe> https://api.blackbe.work/openapi/v3/check/?name=HaoYveDangKong&xuid=2535454969368316
[HttpGet]<LxlBlackBe> https://api.blackbe.work/openapi/v3/check/?name=HaoYveDangKong&xuid=2535454969368316
[HttpGet]<LxlBlackBe> https://api.blackbe.work/openapi/v3/check/?name=RichLi4307&xuid=2535431188612282
[HttpGet]<LxlBlackBe> https://api.blackbe.work/openapi/v3/check/?name=RichLi4307&xuid=2535431188612282
[HttpGet]<LxlBlackBe> https://api.blackbe.work/openapi/v3/check/?name=RichLi4307&xuid=2535431188612282
[HttpGet]<LxlBlackBe> https://api.blackbe.work/openapi/v3/check/?name=HaoYveDangKong&xuid=2535454969368316
[HttpGet]<LxlBlackBe> https://api.blackbe.work/openapi/v3/check/?name=HaoYveDangKong&xuid=2535454969368316
[HttpGet]<LxlBlackBe> https://api.blackbe.work/openapi/v3/check/?name=HaoYveDangKong&xuid=2535454969368316
[HttpGet]<LxlBlackBe> https://api.blackbe.work/openapi/v3/check/?name=HaoYveDangKong&xuid=2535454969368316
[HttpGet]<LxlBlackBe> https://api.blackbe.work/openapi/v3/check/?name=HaoYveDangKong&xuid=2535454969368316
[HttpGet]<LxlBlackBe> https://api.blackbe.work/openapi/v3/check/?name=Liten PanJun&xuid=2535423745242272
[HttpGet]<LxlBlackBe> https://api.blackbe.work/openapi/v3/check/?name=HaoYveDangKong&xuid=2535454969368316
[HttpGet]<LxlBlackBe> https://api.blackbe.work/openapi/v3/check/?name=HaoYveDangKong&xuid=2535454969368316
[HttpGet]<LxlBlackBe> https://api.blackbe.work/openapi/v3/check/?name=Liten PanJun&xuid=2535423745242272
[HttpGet]<LxlBlackBe> https://api.blackbe.work/openapi/v3/check/?name=NonTundra947144&xuid=2535439767539353
[HttpGet]<LxlBlackBe> https://api.blackbe.work/openapi/v3/check/?name=zzhuichusho&xuid=2535446165865505
[HttpGet]<LxlBlackBe> https://api.blackbe.work/openapi/v3/check/?name=RichLi4307&xuid=2535431188612282
[HttpGet]<LxlBlackBe> https://api.blackbe.work/openapi/v3/check/?name=RichLi4307&xuid=2535431188612282
[HttpGet]<LxlBlackBe> https://api.blackbe.work/openapi/v3/check/?name=xiaofen6666435&xuid=2535425847467085
[HttpGet]<LxlBlackBe> https://api.blackbe.work/openapi/v3/check/?name=Milehan&xuid=2535454513795804
[HttpGet]<LxlBlackBe> https://api.blackbe.work/openapi/v3/check/?name=Milehan&xuid=2535454513795804
[HttpGet]<LxlBlackBe> https://api.blackbe.work/openapi/v3/check/?name=Milehan&xuid=2535454513795804
[HttpGet]<LxlBlackBe> https://api.blackbe.work/openapi/v3/check/?name=Milehan&xuid=2535454513795804
[HttpGet]<LxlBlackBe> https://api.blackbe.work/openapi/v3/check/?name=Milehan&xuid=2535454513795804
[HttpGet]<LxlBlackBe> https://api.blackbe.work/openapi/v3/check/?name=Milehan&xuid=2535454513795804
[HttpGet]<LxlBlackBe> https://api.blackbe.work/openapi/v3/check/?name=xiaofen6666435&xuid=2535425847467085
[HttpGet]<LxlBlackBe> https://api.blackbe.work/openapi/v3/check/?name=Milehan&xuid=2535454513795804
[HttpGet]<LxlBlackBe> https://api.blackbe.work/openapi/v3/check/?name=xiaofen6666435&xuid=2535425847467085
[HttpGet]<LxlBlackBe> https://api.blackbe.work/openapi/v3/check/?name=Milehan&xuid=2535454513795804
[HttpGet]<LxlBlackBe> https://api.blackbe.work/openapi/v3/check/?name=xiaofen6666435&xuid=2535425847467085
[HttpGet]<LxlBlackBe> https://api.blackbe.work/openapi/v3/check/?name=Milehan&xuid=2535454513795804
[HttpGet]<LxlBlackBe> https://api.blackbe.work/openapi/v3/check/?name=tao202342&xuid=2535421775058899
[HttpGet]<LxlBlackBe> https://api.blackbe.work/openapi/v3/check/?name=UltimoFawn56770&xuid=2535412971216763
[HttpGet]<LxlBlackBe> https://api.blackbe.work/openapi/v3/check/?name=UltimoFawn56770&xuid=2535412971216763
[HttpGet]<LxlBlackBe> https://api.blackbe.work/openapi/v3/check/?name=Milehan&xuid=2535454513795804
[HttpGet]<LxlBlackBe> https://api.blackbe.work/openapi/v3/check/?name=UltimoFawn56770&xuid=2535412971216763
[HttpGet]<LxlBlackBe> https://api.blackbe.work/openapi/v3/check/?name=UltimoFawn56770&xuid=2535412971216763
[HttpGet]<LxlBlackBe> https://api.blackbe.work/openapi/v3/check/?name=yurentian788&xuid=2535433396522495
[HttpGet]<LxlBlackBe> https://api.blackbe.work/openapi/v3/check/?name=yurentian788&xuid=2535433396522495
[HttpGet]<LxlBlackBe> https://api.blackbe.work/openapi/v3/check/?name=UltimoFawn56770&xuid=2535412971216763
[HttpGet]<LxlBlackBe> https://api.blackbe.work/openapi/v3/check/?name=UltimoFawn56770&xuid=2535412971216763
[HttpGet]<LxlBlackBe> https://api.blackbe.work/openapi/v3/check/?name=UltimoFawn56770&xuid=2535412971216763
[HttpGet]<LxlBlackBe> https://api.blackbe.work/openapi/v3/check/?name=UltimoFawn56770&xuid=2535412971216763
[HttpGet]<LxlBlackBe> https://api.blackbe.work/openapi/v3/check/?name=UltimoFawn56770&xuid=2535412971216763
[HttpGet]<LxlBlackBe> https://api.blackbe.work/openapi/v3/check/?name=UltimoFawn56770&xuid=2535412971216763
[HttpGet]<LxlBlackBe> https://api.blackbe.work/openapi/v3/check/?name=UltimoFawn56770&xuid=2535412971216763
[HttpGet]<LxlBlackBe> https://api.blackbe.work/openapi/v3/check/?name=UltimoFawn56770&xuid=2535412971216763
[HttpGet]<LxlBlackBe> https://api.blackbe.work/openapi/v3/check/?name=UltimoFawn56770&xuid=2535412971216763
[HttpGet]<LxlBlackBe> https://api.blackbe.work/openapi/v3/check/?name=manyforts500&xuid=2535469818631724
[HttpGet]<LxlBlackBe> https://api.blackbe.work/openapi/v3/check/?name=xiaofen6666435&xuid=2535425847467085
[HttpGet]<LxlBlackBe> https://api.blackbe.work/openapi/v3/check/?name=UltimoFawn56770&xuid=2535412971216763
[HttpGet]<LxlBlackBe> https://api.blackbe.work/openapi/v3/check/?name=UltimoFawn56770&xuid=2535412971216763
[HttpGet]<LxlBlackBe> https://api.blackbe.work/openapi/v3/check/?name=LodgedSphinx459&xuid=2535407922359972
[HttpGet]<LxlBlackBe> https://api.blackbe.work/openapi/v3/check/?name=LodgedSphinx459&xuid=2535407922359972
[HttpGet]<LxlBlackBe> https://api.blackbe.work/openapi/v3/check/?name=LodgedSphinx459&xuid=2535407922359972
[HttpGet]<LxlBlackBe> https://api.blackbe.work/openapi/v3/check/?name=xiaofen6666435&xuid=2535425847467085
[HttpGet]<LxlBlackBe> https://api.blackbe.work/openapi/v3/check/?name=RichLi4307&xuid=2535431188612282
[HttpGet]<LxlBlackBe> https://api.blackbe.work/openapi/v3/check/?name=RichLi4307&xuid=2535431188612282
[HttpGet]<LxlBlackBe> https://api.blackbe.work/openapi/v3/check/?name=xiaofen6666435&xuid=2535425847467085
[HttpGet]<LxlBlackBe> https://api.blackbe.work/openapi/v3/check/?name=LodgedSphinx459&xuid=2535407922359972
[HttpGet]<LxlBlackBe> https://api.blackbe.work/openapi/v3/check/?name=LodgedSphinx459&xuid=2535407922359972
[HttpGet]<LxlBlackBe> https://api.blackbe.work/openapi/v3/check/?name=LodgedSphinx459&xuid=2535407922359972
[HttpGet]<LxlBlackBe> https://api.blackbe.work/openapi/v3/check/?name=LodgedSphinx459&xuid=2535407922359972
[HttpGet]<LxlBlackBe> https://api.blackbe.work/openapi/v3/check/?name=LodgedSphinx459&xuid=2535407922359972
[HttpGet]<LxlBlackBe> https://api.blackbe.work/openapi/v3/check/?name=LodgedSphinx459&xuid=2535407922359972
[HttpGet]<LxlBlackBe> https://api.blackbe.work/openapi/v3/check/?name=LodgedSphinx459&xuid=2535407922359972
[HttpGet]<LxlBlackBe> https://api.blackbe.work/openapi/v3/check/?name=LodgedSphinx459&xuid=2535407922359972
[HttpGet]<LxlBlackBe> https://api.blackbe.work/openapi/v3/check/?name=LodgedSphinx459&xuid=2535407922359972
[HttpGet]<LxlBlackBe> https://api.blackbe.work/openapi/v3/check/?name=LodgedSphinx459&xuid=2535407922359972
[HttpGet]<LxlBlackBe> https://api.blackbe.work/openapi/v3/check/?name=yurentian788&xuid=2535433396522495
[HttpGet]<LxlBlackBe> https://api.blackbe.work/openapi/v3/check/?name=yurentian788&xuid=2535433396522495
[HttpGet]<LxlBlackBe> https://api.blackbe.work/openapi/v3/check/?name=LodgedSphinx459&xuid=2535407922359972
[HttpGet]<LxlBlackBe> https://api.blackbe.work/openapi/v3/check/?name=LodgedSphinx459&xuid=2535407922359972
[HttpGet]<LxlBlackBe> https://api.blackbe.work/openapi/v3/check/?name=LodgedSphinx459&xuid=2535407922359972
[HttpGet]<LxlBlackBe> https://api.blackbe.work/openapi/v3/check/?name=LodgedSphinx459&xuid=2535407922359972
[HttpGet]<LxlBlackBe> https://api.blackbe.work/openapi/v3/check/?name=LodgedSphinx459&xuid=2535407922359972
[HttpGet]<LxlBlackBe> https://api.blackbe.work/openapi/v3/check/?name=LodgedSphinx459&xuid=2535407922359972
[HttpGet]<LxlBlackBe> https://api.blackbe.work/openapi/v3/check/?name=LodgedSphinx459&xuid=2535407922359972
[HttpGet]<LxlBlackBe> https://api.blackbe.work/openapi/v3/check/?name=LodgedSphinx459&xuid=2535407922359972
[HttpGet]<LxlBlackBe> https://api.blackbe.work/openapi/v3/check/?name=LodgedSphinx459&xuid=2535407922359972
[HttpGet]<LxlBlackBe> https://api.blackbe.work/openapi/v3/check/?name=LodgedSphinx459&xuid=2535407922359972
[HttpGet]<LxlBlackBe> https://api.blackbe.work/openapi/v3/check/?name=UltimoFawn56770&xuid=2535412971216763
[HttpGet]<LxlBlackBe> https://api.blackbe.work/openapi/v3/check/?name=LodgedSphinx459&xuid=2535407922359972
[HttpGet]<LxlBlackBe> https://api.blackbe.work/openapi/v3/check/?name=LodgedSphinx459&xuid=2535407922359972
[HttpGet]<LxlBlackBe> https://api.blackbe.work/openapi/v3/check/?name=LodgedSphinx459&xuid=2535407922359972
[HttpGet]<LxlBlackBe> https://api.blackbe.work/openapi/v3/check/?name=LodgedSphinx459&xuid=2535407922359972
[HttpGet]<LxlBlackBe> https://api.blackbe.work/openapi/v3/check/?name=LodgedSphinx459&xuid=2535407922359972
[HttpGet]<LxlBlackBe> https://api.blackbe.work/openapi/v3/check/?name=LodgedSphinx459&xuid=2535407922359972
[HttpGet]<LxlBlackBe> https://api.blackbe.work/openapi/v3/check/?name=LodgedSphinx459&xuid=2535407922359972
[HttpGet]<LxlBlackBe> https://api.blackbe.work/openapi/v3/check/?name=yurentian788&xuid=2535433396522495
[HttpGet]<LxlBlackBe> https://api.blackbe.work/openapi/v3/check/?name=QWERTYUIOP6809&xuid=2535437480063047
