[Crashed!]
-- Unhandled Exception in -> bedrock_server_mod.exe
-- Exception Code: 0xC0000005
-- C++ STL Exception detected!

[StackTrace] Function BreathableComponent::getAirRegenPerTick at 0x7FF7FC22A800  [bedrock_server_mod.exe<1.19.72.01>]
-- At File (null) : Line 0 
[StackTrace] Function ???????? at 0x7FF7FC22A800  [bedrock_server_mod.exe<1.19.72.01>]
[StackTrace] Function Translation::loadImpl at 0x7FFD0D6AB290  [LiteLoader.dll<2.12.0.0>]
-- At File (null) : Line 0 
[StackTrace] Function ???????? at 0x7FFD0D6B0D75  [LiteLoader.dll<2.12.0.0>]
[StackTrace] Function ???????? at 0x7FFD204B4288  []
[StackTrace] Function ???????? at 0x40  []
[StackTrace] Function ???????? at 0x1F905288AC0  []
[StackTrace] Function ???????? at 0x1  []
[StackTrace] Function ???????? at 0x40  []
[StackTrace] Function ???????? at 0x2  []
[StackTrace] Function ???????? at 0x66617263656E696D  []
[StackTrace] Function ???????? at 0x6863726F743A74  []
[StackTrace] Function ???????? at 0xF  []
[StackTrace] Function ???????? at 0xF  []
[StackTrace] Function ???????? at 0x525938B84753  []
[StackTrace] Function ???????? at 0x1F89C030010  []
[StackTrace] Function ???????? at 0x1F905288AC0  []
[StackTrace] Function ???????? at 0x1F8B815C590  []
