[Crashed!]
-- Unhandled Exception in -> bedrock_server_mod.exe
-- Exception Code: 0xC0000005
-- C++ STL Exception detected!

[StackTrace] Function BreathableComponent::getAirRegenPerTick at 0x7FF76967A800  [bedrock_server_mod.exe<1.19.72.01>]
-- At File (null) : Line 0 
[StackTrace] Function ???????? at 0x7FF76967A800  [bedrock_server_mod.exe<1.19.72.01>]
[StackTrace] Function Translation::loadImpl at 0x7FFCD161B290  [LiteLoader.dll<2.12.0.0>]
-- At File (null) : Line 0 
[StackTrace] Function ???????? at 0x7FFCD1620D75  [LiteLoader.dll<2.12.0.0>]
[StackTrace] Function ???????? at 0x7FFCD44C4288  []
[StackTrace] Function ???????? at 0x1A  []
[StackTrace] Function ???????? at 0x2540E188020  []
[StackTrace] Function ???????? at 0x1  []
[StackTrace] Function ???????? at 0x1A  []
[StackTrace] Function ???????? at 0x25400000002  []
[StackTrace] Function ???????? at 0x66617263656E696D  []
[StackTrace] Function ???????? at 0x6863726F743A74  []
[StackTrace] Function ???????? at 0xF  []
[StackTrace] Function ???????? at 0xF  []
[StackTrace] Function ???????? at 0x8BA051C2797E  []
[StackTrace] Function ???????? at 0x254352CE040  []
[StackTrace] Function ???????? at 0x2540E188020  []
[StackTrace] Function ???????? at 0x254715AD8C0  []
