[Crashed!]
-- Unhandled Exception in -> bedrock_server_mod.exe
-- Exception Code: 0xC0000005
-- C++ STL Exception detected!

[StackTrace] Function BreathableComponent::getAirRegenPerTick at 0x7FF76967A800  [bedrock_server_mod.exe<1.19.72.01>]
-- At File (null) : Line 0 
[StackTrace] Function ???????? at 0x7FF76967A800  [bedrock_server_mod.exe<1.19.72.01>]
[StackTrace] Function Translation::loadImpl at 0x7FFCD161B290  [LiteLoader.dll<2.12.0.0>]
-- At File (null) : Line 0 
[StackTrace] Function ???????? at 0x7FFCD1620D75  [LiteLoader.dll<2.12.0.0>]
[StackTrace] Function ???????? at 0x7FFCD44C4288  []
[StackTrace] Function ???????? at 0x1C  []
[StackTrace] Function ???????? at 0x1AAA5FEB690  []
[StackTrace] Function ???????? at 0x1  []
[StackTrace] Function ???????? at 0x1C  []
[StackTrace] Function ???????? at 0x1AA00000002  []
[StackTrace] Function ???????? at 0x66617263656E696D  []
[StackTrace] Function ???????? at 0x6863726F743A74  []
[StackTrace] Function ???????? at 0xF  []
[StackTrace] Function ???????? at 0xF  []
[StackTrace] Function ???????? at 0x3653CFC0818E  []
[StackTrace] Function ???????? at 0x1AAC8838010  []
[StackTrace] Function ???????? at 0x1AAA5FEB690  []
[StackTrace] Function ???????? at 0x1AA857644C0  []
