[Crashed!]
-- Unhandled Exception in -> bedrock_server_mod.exe
-- Exception Code: 0xC0000005
-- C++ STL Exception detected!

[StackTrace] Function BreathableComponent::getAirRegenPerTick at 0x7FF76967A800  [bedrock_server_mod.exe<1.19.72.01>]
-- At File (null) : Line 0 
[StackTrace] Function ???????? at 0x7FF76967A800  [bedrock_server_mod.exe<1.19.72.01>]
[StackTrace] Function Translation::loadImpl at 0x7FFCD161B290  [LiteLoader.dll<2.12.0.0>]
-- At File (null) : Line 0 
[StackTrace] Function ???????? at 0x7FFCD1620D75  [LiteLoader.dll<2.12.0.0>]
[StackTrace] Function ???????? at 0x7FFCDA444288  []
[StackTrace] Function ???????? at 0x1C  []
[StackTrace] Function ???????? at 0x21143A6DF30  []
[StackTrace] Function ???????? at 0x1  []
[StackTrace] Function ???????? at 0x1C  []
[StackTrace] Function ???????? at 0x21100000002  []
[StackTrace] Function ???????? at 0x66617263656E696D  []
[StackTrace] Function ???????? at 0x6863726F743A74  []
[StackTrace] Function ???????? at 0xF  []
[StackTrace] Function ???????? at 0xF  []
[StackTrace] Function ???????? at 0x668C27886DF2  []
[StackTrace] Function ???????? at 0x2112FBCF030  []
[StackTrace] Function ???????? at 0x21143A6DF30  []
[StackTrace] Function ???????? at 0x2113E685440  []
