[Crashed!]
-- Unhandled Exception in -> bedrock_server_mod.exe
-- Exception Code: 0xC0000005
-- C++ STL Exception detected!

[StackTrace] Function BreathableComponent::getAirRegenPerTick at 0x7FF6A6C9A800  [bedrock_server_mod.exe<1.19.72.01>]
-- At File (null) : Line 0 
[StackTrace] Function ???????? at 0x7FF6A6C9A800  [bedrock_server_mod.exe<1.19.72.01>]
[StackTrace] Function Translation::loadImpl at 0x7FFE188EB290  [LiteLoader.dll<2.12.0.0>]
-- At File (null) : Line 0 
[StackTrace] Function ???????? at 0x7FFE188F0D75  [LiteLoader.dll<2.12.0.0>]
[StackTrace] Function ???????? at 0x7FFE37564288  []
[StackTrace] Function ???????? at 0x3  []
[StackTrace] Function ???????? at 0x2325BAABB40  []
[StackTrace] Function ???????? at 0x1  []
[StackTrace] Function ???????? at 0x3  []
[StackTrace] Function ???????? at 0x23200000002  []
[StackTrace] Function ???????? at 0x66617263656E696D  []
[StackTrace] Function ???????? at 0x6863726F743A74  []
[StackTrace] Function ???????? at 0xF  []
[StackTrace] Function ???????? at 0xF  []
[StackTrace] Function ???????? at 0x63A159C98703  []
[StackTrace] Function ???????? at 0x2326FD4B500  []
[StackTrace] Function ???????? at 0x2325BAABB40  []
[StackTrace] Function ???????? at 0x2320D0AE290  []
