[2023-06-20 10:22:59 INFO][LiteLoader] æ­£åœ¨è§£åŒ…LiteLoaderBDSè¿è¡Œæ—¶èµ„æºï¼Œè¯·è€å¿ƒç­‰å¾…...
[2023-06-20 10:22:59 INFO][LiteLoader] è§£åŒ…å®Œæ¯•ã€‚
[2023-06-20 10:22:59 INFO][LiteLoader] åŠ è½½åŸç”Ÿæ’ä»¶...
[2023-06-20 10:22:59 INFO][LiteLoader] åŸç”Ÿæ’ä»¶ <BanExplosion.dll> å·²åŠ è½½
[2023-06-20 10:22:59 INFO][LiteLoader] åŸç”Ÿæ’ä»¶ <BetterStop.dll> å·²åŠ è½½
[2023-06-20 10:22:59 INFO][LiteLoader] åŸç”Ÿæ’ä»¶ <InGameAllowlist.dll> å·²åŠ è½½
[2023-06-20 10:22:59 INFO][LiteLoader] åŸç”Ÿæ’ä»¶ <IVshop.dll> å·²åŠ è½½
[2023-06-20 10:23:01 INFO][LiteLoader] åŸç”Ÿæ’ä»¶ <LLAntiCheat.dll> å·²åŠ è½½
[2023-06-20 10:23:01 INFO][LiteLoader] åŸç”Ÿæ’ä»¶ <LLMoney.dll> å·²åŠ è½½
[2023-06-20 10:23:01 INFO][LiteLoader] * Js è„šæœ¬å¼•æ“å·²åŠ è½½
[2023-06-20 10:23:01 INFO][LiteLoader] * Lua è„šæœ¬å¼•æ“å·²åŠ è½½
[2023-06-20 10:23:06 INFO][LiteLoader] * NodeJs è„šæœ¬å¼•æ“å·²åŠ è½½
[2023-06-20 10:23:07 INFO][LiteLoader] * Python è„šæœ¬å¼•æ“å·²åŠ è½½
[2023-06-20 10:23:08 INFO][LiteLoader] * .NET å¼•æ“å·²åŠ è½½
[2023-06-20 10:23:10 INFO][LiteLoader] å·²åŠ è½½ 6 ä¸ªåŸç”Ÿæ’ä»¶
[2023-06-20 10:23:10 INFO][bStats] bStatså·²å¯ç”¨ï¼Œä½ å¯ä»¥é€šè¿‡ç¼–è¾‘ plugins/bStats/config.json æ¥ç¦ç”¨å®ƒ
[2023-06-20 10:23:10 INFO][Server] Starting Server
[2023-06-20 10:23:10 INFO][Server] Version 1.19.81.01(ProtocolVersion 582) with [1m[3m[38;2;135;206;250mLiteLoaderBDS 2.13.1+13d598e[0m
[2023-06-20 10:23:10 INFO][Server] Session ID a4c71a3f-b1b4-4bb9-84bf-d61118471662
[2023-06-20 10:23:10 INFO][Server] Build ID 1.19.81
[2023-06-20 10:23:10 INFO][Server] Branch r/19_u8
[2023-06-20 10:23:10 INFO][Server] Commit ID 2606f6a1a1e3ecf907cb776d138dac765c5ba3ff
[2023-06-20 10:23:10 INFO][Server] Configuration Publish
[2023-06-20 10:23:10 INFO][Server] Level Name: Bedrock level
[2023-06-20 10:23:10 INFO][Server] Game mode: 0 Survival
[2023-06-20 10:23:10 INFO][Server] Difficulty: 3 HARD
[2023-06-20 10:23:12 INFO][Server] Experiment(s) active: ddi_, biom, ucft, gtst, mola, CnC_, wld_, spct, VE__, scpt
[2023-06-20 10:23:12 INFO][Server] opening worlds/Bedrock level/db
[2023-06-20 10:25:02 INFO][Server] IPv4 supported, port: 27065: Used for gameplay and LAN discovery
[2023-06-20 10:25:02 INFO][Server] IPv6 supported, port: 65535: Used for gameplay
[2023-06-20 10:25:13 ERROR][LiteLoader] Uncaught C++ Exception Detected!
[2023-06-20 10:25:13 ERROR][LiteLoader] Error: Code [2] There is already a command named ban
[2023-06-20 10:25:13 ERROR][LiteLoader] In Event (class Event::RegCmdEvent)
[2023-06-20 10:25:13 ERROR][LiteLoader] In Plugin <ScriptEngine-QuickJs 2.13.1>
[2023-06-20 10:25:13 INFO][LiteLoader] Repository: https://github.com/LiteLDev/LiteLoaderBDS
[2023-06-20 10:25:13 INFO][LiteLoader] LiteLoaderé‡‡ç”¨ LGPLv3 è®¸å¯è¯å¼€æº
[2023-06-20 10:25:13 INFO][LiteLoader] æˆ‘ä»¬çš„æ–°è®ºå›ä¸Šçº¿äº†å•¦! -> https://litebds.com
[2023-06-20 10:25:13 INFO][LiteLoader] å¸®åŠ©æˆ‘ä»¬ç¿»è¯‘&æ”¹è¿›ç¿»è¯‘ -> https://crowdin.com/project/liteloaderbds
[2023-06-20 10:25:13 INFO][LiteLoader] Thanks to RhyMC(rhymc.com) for the support
