[2023-04-30 07:07:37 INFO][LLAC] Config with default values created
[2023-04-30 20:22:26 WARN][LLAC] [CPS] Player "manyforts500" may using: AutoClick (LastAttack:minecraft:skeleton,0)
[2023-05-02 17:41:25 WARN][LLAC] [CPS] Player "HaoYveDangKong" may using: AutoClick (LastAttack:minecraft:zombie,0)
[2023-05-03 16:08:04 WARN][LLAC] [CPS] Player "RichLi4307" may using: AutoClick (LastAttack:minecraft:player,0)
[2023-05-03 16:08:04 WARN][LLAC] [CPS] Player "RichLi4307" may using: AutoClick (LastAttack:minecraft:player,0)
[2023-05-04 18:59:37 WARN][LLAC] [CPS] Player "HaoYveDangKong" may using: AutoClick (LastAttack:minecraft:pig,0)
[2023-05-04 18:59:37 WARN][LLAC] [CPS] Player "HaoYveDangKong" may using: AutoClick (LastAttack:minecraft:pig,0)
[2023-05-21 14:41:31 WARN][LLAC] [CPS] Player "xiaofen6666435" may using: AutoClick (LastAttack:minecraft:player,44)
[2023-05-21 14:41:39 WARN][LLAC] [CPS] Player "xiaofen6666435" may using: AutoClick (LastAttack:minecraft:player,45)
[2023-05-21 14:47:15 WARN][LLAC] [CPS] Player "xiaofen6666435" may using: AutoClick (LastAttack:minecraft:player,48)
[2023-05-21 14:53:13 WARN][LLAC] [CPS] Player "Milehan" may using: AutoClick (LastAttack:minecraft:spider,0)
[2023-05-21 14:53:13 WARN][LLAC] [CPS] Player "Milehan" may using: AutoClick (LastAttack:minecraft:spider,0)
[2023-05-21 14:53:13 WARN][LLAC] [CPS] Player "Milehan" may using: AutoClick (LastAttack:minecraft:spider,0)
[2023-05-21 14:53:50 WARN][LLAC] [CPS] Player "xiaofen6666435" may using: AutoClick (LastAttack:minecraft:player,0)
[2023-05-21 15:13:39 WARN][LLAC] [CPS] Player "xiaofen6666435" may using: AutoClick (LastAttack:minecraft:player,56)
[2023-05-21 15:13:46 WARN][LLAC] [CPS] Player "xiaofen6666435" may using: AutoClick (LastAttack:minecraft:player,49)
[2023-05-21 15:13:53 WARN][LLAC] [CPS] Player "xiaofen6666435" may using: AutoClick (LastAttack:minecraft:player,47)
[2023-05-21 15:13:59 WARN][LLAC] [CPS] Player "xiaofen6666435" may using: AutoClick (LastAttack:minecraft:player,58)
[2023-05-21 15:14:09 WARN][LLAC] [CPS] Player "xiaofen6666435" may using: AutoClick (LastAttack:minecraft:player,0)
[2023-05-21 15:14:11 WARN][LLAC] [CPS] Player "xiaofen6666435" may using: AutoClick (LastAttack:minecraft:player,53)
[2023-05-21 16:15:16 WARN][LLAC] [CPS] Player "Milehan" may using: AutoClick (LastAttack:minecraft:zombie_pigman,0)
[2023-05-21 16:15:16 WARN][LLAC] [CPS] Player "Milehan" may using: AutoClick (LastAttack:minecraft:zombie_pigman,2)
[2023-05-21 16:15:16 WARN][LLAC] [CPS] Player "Milehan" may using: AutoClick (LastAttack:minecraft:zombie_pigman,2)
[2023-05-21 16:15:16 WARN][LLAC] [CPS] Player "Milehan" may using: AutoClick (LastAttack:minecraft:zombie_pigman,0)
[2023-05-21 16:15:16 WARN][LLAC] [CPS] Player "Milehan" may using: AutoClick (LastAttack:minecraft:zombie_pigman,2)
[2023-05-21 17:47:51 WARN][LLAC] [CPS] Player "Milehan" may using: AutoClick (LastAttack:minecraft:zombie,0)
[2023-05-26 17:45:00 WARN][LLAC] [CPS] Player "manyforts500" may using: AutoClick (LastAttack:minecraft:skeleton,0)
[2023-05-26 18:52:28 WARN][LLAC] [CPS] Player "xiaofen6666435" may using: AutoClick (LastAttack:minecraft:player,61)
[2023-05-26 21:17:47 WARN][LLAC] [CPS] Player "xiaofen6666435" may using: AutoClick (LastAttack:minecraft:player,0)
[2023-05-26 21:21:57 WARN][LLAC] [CPS] Player "xiaofen6666435" may using: AutoClick (LastAttack:minecraft:player,0)
[2023-05-26 21:21:58 WARN][LLAC] [CPS] Player "xiaofen6666435" may using: AutoClick (LastAttack:minecraft:player,0)
[2023-05-26 21:21:58 WARN][LLAC] [CPS] Player "xiaofen6666435" may using: AutoClick (LastAttack:minecraft:player,0)
[2023-05-26 21:23:28 WARN][LLAC] [CPS] Player "xiaofen6666435" may using: AutoClick (LastAttack:minecraft:player,0)
[2023-05-26 21:23:29 WARN][LLAC] [CPS] Player "xiaofen6666435" may using: AutoClick (LastAttack:minecraft:player,0)
